c:\users\aykka\downloads\cs519 final\sample2019\sample2019\x64\debug\vc142.pdb
c:\users\aykka\downloads\cs519 final\sample2019\sample2019\x64\debug\vc142.idb
c:\users\aykka\downloads\cs519 final\sample2019\sample2019\x64\debug\sample.obj
c:\users\aykka\downloads\cs519 final\sample2019\sample2019\x64\debug\concrt140d.dll
c:\users\aykka\downloads\cs519 final\sample2019\sample2019\x64\debug\msvcp140d.dll
c:\users\aykka\downloads\cs519 final\sample2019\sample2019\x64\debug\msvcp140d_codecvt_ids.dll
c:\users\aykka\downloads\cs519 final\sample2019\sample2019\x64\debug\msvcp140_1d.dll
c:\users\aykka\downloads\cs519 final\sample2019\sample2019\x64\debug\msvcp140_2d.dll
c:\users\aykka\downloads\cs519 final\sample2019\sample2019\x64\debug\vccorlib140d.dll
c:\users\aykka\downloads\cs519 final\sample2019\sample2019\x64\debug\vcruntime140d.dll
c:\users\aykka\downloads\cs519 final\sample2019\sample2019\x64\debug\vcruntime140_1d.dll
c:\users\aykka\downloads\cs519 final\sample2019\sample2019\x64\debug\vcamp140d.dll
c:\users\aykka\downloads\cs519 final\sample2019\sample2019\x64\debug\vcomp140d.dll
c:\users\aykka\downloads\cs519 final\sample2019\sample2019\x64\debug\sample.ilk
c:\users\aykka\downloads\cs519 final\sample2019\sample2019\x64\debug\sample.tlog\cl.command.1.tlog
c:\users\aykka\downloads\cs519 final\sample2019\sample2019\x64\debug\sample.tlog\cl.read.1.tlog
c:\users\aykka\downloads\cs519 final\sample2019\sample2019\x64\debug\sample.tlog\cl.write.1.tlog
c:\users\aykka\downloads\cs519 final\sample2019\sample2019\x64\debug\sample.tlog\link.command.1.tlog
c:\users\aykka\downloads\cs519 final\sample2019\sample2019\x64\debug\sample.tlog\link.read.1.tlog
c:\users\aykka\downloads\cs519 final\sample2019\sample2019\x64\debug\sample.tlog\link.write.1.tlog
c:\users\aykka\downloads\cs519 final\sample2019\sample2019\x64\debug\sample.tlog\sample.read.1u.tlog
c:\users\aykka\downloads\cs519 final\sample2019\sample2019\x64\debug\sample.tlog\sample.write.1u.tlog
